     1                                  ; haribote-ipl
     2                                  ; TAB=4
     3                                  
     4                                  CYLS	EQU		10				;
     5                                  
     6                                  		ORG		0x7c00			;
     7                                  
     8                                  ;
     9                                  
    10 00000000 EB4E                    		JMP		entry
    11 00000002 90                      		DB		0x90
    12 00000003 48415249424F5445        		DB		"HARIBOTE"		;
    13 0000000B 0002                    		DW		512				;
    14 0000000D 01                      		DB		1				;
    15 0000000E 0100                    		DW		1				;
    16 00000010 02                      		DB		2				;
    17 00000011 E000                    		DW		224				;
    18 00000013 400B                    		DW		2880			;
    19 00000015 F0                      		DB		0xf0			;
    20 00000016 0900                    		DW		9				;
    21 00000018 1200                    		DW		18				;
    22 0000001A 0200                    		DW		2				;
    23 0000001C 00000000                		DD		0				;
    24 00000020 400B0000                		DD		2880			;
    25 00000024 000029                  		DB		0,0,0x29		;
    26 00000027 FFFFFFFF                		DD		0xffffffff		;
    27 0000002B 48415249424F54454F-     		DB		"HARIBOTEOS "	;
    27 00000034 5320               
    28 00000036 4641543132202020        		DB		"FAT12   "		;
    29 0000003E 00<rept>                		TIMES	18	DB  0			;
    30                                  
    31                                  ; ï¿½vï¿½ï¿½ï¿½Oï¿½ï¿½ï¿½ï¿½ï¿½{ï¿½ï¿½
    32                                  
    33                                  entry:
    34 00000050 B80000                  		MOV		AX,0			; ï¿½ï¿½ï¿½Wï¿½Xï¿½^ï¿½ï¿½ï¿½ï¿½ï¿½ï¿½
    35 00000053 8ED0                    		MOV		SS,AX
    36 00000055 BC007C                  		MOV		SP,0x7c00
    37 00000058 8ED8                    		MOV		DS,AX
    38                                  
    39                                  ; ï¿½fï¿½Bï¿½Xï¿½Nï¿½ï¿½Ç‚ï¿½
    40                                  
    41 0000005A B82008                  		MOV		AX,0x0820
    42 0000005D 8EC0                    		MOV		ES,AX
    43 0000005F B500                    		MOV		CH,0			; ï¿½Vï¿½ï¿½ï¿½ï¿½ï¿½_0
    44 00000061 B600                    		MOV		DH,0			; ï¿½wï¿½bï¿½h0
    45 00000063 B102                    		MOV		CL,2			; ï¿½Zï¿½Nï¿½^2
    46                                  readloop:
    47 00000065 BE0000                  		MOV		SI,0			; ï¿½ï¿½ï¿½sï¿½ñ”‚ð”‚ï¿½ï¿½éƒŒï¿½Wï¿½Xï¿½^
    48                                  retry:
    49 00000068 B402                    		MOV		AH,0x02			; AH=0x02 : ï¿½fï¿½Bï¿½Xï¿½Nï¿½Ç‚Ýï¿½ï¿½ï¿½
    50 0000006A B001                    		MOV		AL,1			; 1ï¿½Zï¿½Nï¿½^
    51 0000006C BB0000                  		MOV		BX,0
    52 0000006F B200                    		MOV		DL,0x00			; Aï¿½hï¿½ï¿½ï¿½Cï¿½u
    53 00000071 CD13                    		INT		0x13			; ï¿½fï¿½Bï¿½Xï¿½NBIOSï¿½Ä‚Ñoï¿½ï¿½
    54 00000073 7310                    		JNC		next			; ï¿½Gï¿½ï¿½ï¿½[ï¿½ï¿½ï¿½ï¿½ï¿½ï¿½ï¿½È‚ï¿½ï¿½ï¿½ï¿½nextï¿½ï¿½
    55 00000075 83C601                  		ADD		SI,1			; SIï¿½ï¿½1ï¿½ð‘«‚ï¿½
    56 00000078 83FE05                  		CMP		SI,5			; SIï¿½ï¿½5ï¿½ï¿½ï¿½r
    57 0000007B 7332                    		JAE		error			; SI >= 5 ï¿½ï¿½ï¿½ï¿½ï¿½ï¿½ï¿½ï¿½errorï¿½ï¿½
    58 0000007D B400                    		MOV		AH,0x00
    59 0000007F B200                    		MOV		DL,0x00			; Aï¿½hï¿½ï¿½ï¿½Cï¿½u
    60 00000081 CD13                    		INT		0x13			; ï¿½hï¿½ï¿½ï¿½Cï¿½uï¿½Ìƒï¿½ï¿½Zï¿½bï¿½g
    61 00000083 EBE3                    		JMP		retry
    62                                  next:
    63 00000085 8CC0                    		MOV		AX,ES			; ï¿½Aï¿½hï¿½ï¿½ï¿½Xï¿½ï¿½0x200ï¿½iï¿½ß‚ï¿½
    64 00000087 83C020                  		ADD		AX,0x0020
    65 0000008A 8EC0                    		MOV		ES,AX			; ADD ES,0x020 ï¿½Æ‚ï¿½ï¿½ï¿½ï¿½ï¿½ï¿½ß‚ï¿½ï¿½È‚ï¿½ï¿½Ì‚Å‚ï¿½ï¿½ï¿½ï¿½ï¿½ï¿½Ä‚ï¿½ï¿½ï¿½
    66 0000008C 80C101                  		ADD		CL,1			; CLï¿½ï¿½1ï¿½ð‘«‚ï¿½
    67 0000008F 80F912                  		CMP		CL,18			; CLï¿½ï¿½18ï¿½ï¿½ï¿½r
    68 00000092 76D1                    		JBE		readloop		; CL <= 18 ï¿½ï¿½ï¿½ï¿½ï¿½ï¿½ï¿½ï¿½readloopï¿½ï¿½
    69 00000094 B101                    		MOV		CL,1
    70 00000096 80C601                  		ADD		DH,1
    71 00000099 80FE02                  		CMP		DH,2
    72 0000009C 72C7                    		JB		readloop		; DH < 2 ï¿½ï¿½ï¿½ï¿½ï¿½ï¿½ï¿½ï¿½readloopï¿½ï¿½
    73 0000009E B600                    		MOV		DH,0
    74 000000A0 80C501                  		ADD		CH,1
    75 000000A3 80FD0A                  		CMP		CH,CYLS
    76 000000A6 72BD                    		JB		readloop		; CH < CYLS ï¿½ï¿½ï¿½ï¿½ï¿½ï¿½ï¿½ï¿½readloopï¿½ï¿½
    77                                  
    78                                  ;
    79                                  
    80 000000A8 882EF00F                		MOV		[0x0ff0],CH		; IPLï¿½ï¿½ï¿½Ç‚ï¿½ï¿½Ü‚Å“Ç‚ñ‚¾‚Ì‚ï¿½ï¿½ï¿½ï¿½ï¿½ï¿½ï¿½
    81 000000AC E9(00C2)                		JMP		0xc200
    82                                  
    83                                  error:
    84 000000AF BE[C700]                		MOV		SI,msg
    85                                  putloop:
    86 000000B2 8A04                    		MOV		AL,[SI]
    87 000000B4 83C601                  		ADD		SI,1			; SIï¿½ï¿½1ï¿½ð‘«‚ï¿½
    88 000000B7 3C00                    		CMP		AL,0
    89 000000B9 7409                    		JE		fin
    90 000000BB B40E                    		MOV		AH,0x0e			; ï¿½ê•¶ï¿½ï¿½ï¿½\ï¿½ï¿½ï¿½tï¿½@ï¿½ï¿½ï¿½Nï¿½Vï¿½ï¿½ï¿½ï¿½
    91 000000BD BB0F00                  		MOV		BX,15			; ï¿½Jï¿½ï¿½ï¿½[ï¿½Rï¿½[ï¿½h
    92 000000C0 CD10                    		INT		0x10			; ï¿½rï¿½fï¿½IBIOSï¿½Ä‚Ñoï¿½ï¿½
    93 000000C2 EBEE                    		JMP		putloop
    94                                  fin:
    95 000000C4 F4                      		HLT						; ï¿½ï¿½ï¿½ï¿½ï¿½ï¿½ï¿½ï¿½Ü‚ï¿½CPUï¿½ï¿½ï¿½~ï¿½ï¿½ï¿½ï¿½ï¿½ï¿½
    96 000000C5 EBFD                    		JMP		fin				; ï¿½ï¿½ï¿½ï¿½ï¿½ï¿½ï¿½[ï¿½v
    97                                  msg:
    98 000000C7 0A0A                    		DB		0x0a, 0x0a		; ï¿½ï¿½ï¿½sï¿½ï¿½2ï¿½ï¿½
    99 000000C9 6C6F6164206572726F-     		DB		"load error"
    99 000000D2 72                 
   100 000000D3 0A                      		DB		0x0a			; ï¿½ï¿½ï¿½s
   101 000000D4 00                      		DB		0
   102                                  
   103 000000D5 00<rept>                		TIMES	0x1fe-($-$$)  DB 0		;
   104                                  
   105 000001FE 55AA                    		DB		0x55, 0xaa
